<?xml version="1.0" encoding="UTF-8"?>
<!-- Generated by org.testng.reporters.JUnitReportReporter -->
<testsuite hostname="Surya" failures="0" tests="3" name="TestMethods.TestStrategies" time="17.458" errors="0" timestamp="2024-07-11T13:05:41 EDT" skipped="0">
  <testcase classname="TestMethods.TestStrategies" name="test" time="3.175"/>
  <testcase classname="TestMethods.TestStrategies" name="FacebookAccessverify" time="10.066"/>
  <testcase classname="TestMethods.TestStrategies" name="facebookLogin" time="4.217"/>
</testsuite> <!-- TestMethods.TestStrategies -->
