<?xml version="1.0" encoding="UTF-8"?>
<!-- Generated by org.testng.reporters.JUnitReportReporter -->
<testsuite hostname="Surya" failures="0" tests="3" name="TestMethods.TestStrategies" time="18.173" errors="0" timestamp="2024-07-11T13:23:44 EDT" skipped="0">
  <testcase classname="TestMethods.TestStrategies" name="test" time="3.203"/>
  <testcase classname="TestMethods.TestStrategies" name="FacebookAccessverify" time="10.062"/>
  <testcase classname="TestMethods.TestStrategies" name="facebookLogin" time="4.908"/>
</testsuite> <!-- TestMethods.TestStrategies -->
